<?xml version="1.0" encoding="UTF-8"?>
<!-- Generated by org.testng.reporters.JUnitReportReporter -->
<testsuite hostname="RITESH" failures="0" tests="4" name="com.mondh.vtiger.TestScript.MarketingAccountTestScript" time="66.960" errors="0" timestamp="2024-11-04T12:38:41 IST" skipped="0">
  <testcase classname="com.mondh.vtiger.TestScript.MarketingAccountTestScript" name="verifyVT001CreateAccounts" time="21.147"/>
  <testcase classname="com.mondh.vtiger.TestScript.MarketingAccountTestScript" name="verifyVT002UpdateAccounts" time="18.958"/>
  <testcase classname="com.mondh.vtiger.TestScript.MarketingAccountTestScript" name="verifyVT003SearchAccounts" time="9.147"/>
  <testcase classname="com.mondh.vtiger.TestScript.MarketingAccountTestScript" name="verifyVT004DeleteAccount" time="17.708"/>
</testsuite> <!-- com.mondh.vtiger.TestScript.MarketingAccountTestScript -->
