<?xml version="1.0" encoding="UTF-8"?>
<!-- Generated by org.testng.reporters.JUnitReportReporter -->
<testsuite hostname="RITESH" failures="0" tests="4" name="com.mondh.vtiger.TestScript.MarketingAccountTestScript" time="70.461" errors="0" timestamp="2024-10-13T22:58:50 IST" skipped="0">
  <testcase classname="com.mondh.vtiger.TestScript.MarketingAccountTestScript" name="verifyVT001CreateAccounts" time="22.794"/>
  <testcase classname="com.mondh.vtiger.TestScript.MarketingAccountTestScript" name="verifyVT002UpdateAccounts" time="18.521"/>
  <testcase classname="com.mondh.vtiger.TestScript.MarketingAccountTestScript" name="verifyVT003SearchAccounts" time="11.327"/>
  <testcase classname="com.mondh.vtiger.TestScript.MarketingAccountTestScript" name="verifyVT004DeleteAccount" time="17.819"/>
</testsuite> <!-- com.mondh.vtiger.TestScript.MarketingAccountTestScript -->
