<?xml version="1.0" encoding="UTF-8"?>
<!-- Generated by org.testng.reporters.JUnitReportReporter -->
<testsuite hostname="RITESH" failures="0" tests="4" name="com.mondh.vtiger.TestScript.MarketingAccountTestScript" time="132.239" errors="0" timestamp="2024-11-06T11:15:19 IST" skipped="0">
  <testcase classname="com.mondh.vtiger.TestScript.MarketingAccountTestScript" name="verifyVT001CreateAccounts" time="61.988"/>
  <testcase classname="com.mondh.vtiger.TestScript.MarketingAccountTestScript" name="verifyVT002UpdateAccounts" time="27.309"/>
  <testcase classname="com.mondh.vtiger.TestScript.MarketingAccountTestScript" name="verifyVT003SearchAccounts" time="18.630"/>
  <testcase classname="com.mondh.vtiger.TestScript.MarketingAccountTestScript" name="verifyVT004DeleteAccount" time="24.312"/>
</testsuite> <!-- com.mondh.vtiger.TestScript.MarketingAccountTestScript -->
