<?xml version="1.0" encoding="UTF-8"?>
<!-- Generated by org.testng.reporters.JUnitReportReporter -->
<testsuite hostname="RITESH" failures="0" tests="7" name="com.mondh.vtiger.TestScript.MarketingAccountTestScript" time="132.527" errors="0" timestamp="2024-11-07T11:39:56 IST" skipped="0">
  <testcase classname="com.mondh.vtiger.TestScript.MarketingAccountTestScript" name="verifyVT001CreateAccounts" time="21.319"/>
  <testcase classname="com.mondh.vtiger.TestScript.MarketingAccountTestScript" name="verifyVT001CreateAccounts" time="20.880"/>
  <testcase classname="com.mondh.vtiger.TestScript.MarketingAccountTestScript" name="verifyVT001CreateAccounts" time="21.449"/>
  <testcase classname="com.mondh.vtiger.TestScript.MarketingAccountTestScript" name="verifyVT001CreateAccounts" time="21.525"/>
  <testcase classname="com.mondh.vtiger.TestScript.MarketingAccountTestScript" name="verifyVT002UpdateAccounts" time="20.299"/>
  <testcase classname="com.mondh.vtiger.TestScript.MarketingAccountTestScript" name="verifyVT003SearchAccounts" time="9.242"/>
  <testcase classname="com.mondh.vtiger.TestScript.MarketingAccountTestScript" name="verifyVT004DeleteAccount" time="17.813"/>
</testsuite> <!-- com.mondh.vtiger.TestScript.MarketingAccountTestScript -->
