<?xml version="1.0" encoding="UTF-8"?>
<!-- Generated by org.testng.reporters.JUnitReportReporter -->
<testsuite hostname="RITESH" failures="0" tests="3" name="com.mondh.vtiger.TestScript.RunnerClass" time="0.021" errors="0" timestamp="2024-09-26T22:04:57 IST" skipped="0">
  <testcase classname="com.mondh.vtiger.TestScript.RunnerClass" name="string1" time="0.003"/>
  <testcase classname="com.mondh.vtiger.TestScript.RunnerClass" name="string2" time="0.012"/>
  <testcase classname="com.mondh.vtiger.TestScript.RunnerClass" name="string3" time="0.006"/>
</testsuite> <!-- com.mondh.vtiger.TestScript.RunnerClass -->
