<?xml version="1.0" encoding="UTF-8"?>
<!-- Generated by org.testng.reporters.JUnitReportReporter -->
<testsuite hostname="RITESH" failures="0" tests="1" name="com.mondh.vtiger.TestScript.RunnerClass" time="1.114" errors="0" timestamp="2024-10-13T21:14:07 IST" skipped="0">
  <testcase classname="com.mondh.vtiger.TestScript.RunnerClass" name="main" time="1.114"/>
</testsuite> <!-- com.mondh.vtiger.TestScript.RunnerClass -->
