<?xml version="1.0" encoding="UTF-8"?>
<!-- Generated by org.testng.reporters.JUnitReportReporter -->
<testsuite hostname="RITESH" failures="0" tests="1" name="com.mondh.vtiger.TestScript.InventoryInvoiceTestScript" time="91.096" errors="0" timestamp="2024-09-11T23:05:52 IST" skipped="0">
  <testcase classname="com.mondh.vtiger.TestScript.InventoryInvoiceTestScript" name="verifyVT005CreateInvoice" time="91.096"/>
</testsuite> <!-- com.mondh.vtiger.TestScript.InventoryInvoiceTestScript -->
