<?xml version="1.0" encoding="UTF-8"?>
<!-- Generated by org.testng.reporters.JUnitReportReporter -->
<testsuite hostname="RITESH" failures="0" tests="1" name="com.mondh.vtiger.TestScript.ListenerBase" time="0.025" errors="0" timestamp="2024-10-02T19:58:50 IST" skipped="0">
  <testcase classname="com.mondh.vtiger.TestScript.ListenerBase" name="method1" time="0.025"/>
</testsuite> <!-- com.mondh.vtiger.TestScript.ListenerBase -->
