<?xml version="1.0" encoding="UTF-8"?>
<!-- Generated by org.testng.reporters.JUnitReportReporter -->
<testsuite hostname="RITESH" failures="0" tests="3" name="com.mondh.vtiger.TestScript.RunnerClass" time="0.019" errors="0" timestamp="2024-09-05T15:46:12 IST" skipped="0">
  <testcase classname="com.mondh.vtiger.TestScript.RunnerClass" name="string1" time="0.005"/>
  <testcase classname="com.mondh.vtiger.TestScript.RunnerClass" name="string2" time="0.010"/>
  <testcase classname="com.mondh.vtiger.TestScript.RunnerClass" name="string3" time="0.004"/>
</testsuite> <!-- com.mondh.vtiger.TestScript.RunnerClass -->
